<?xml version="1.0" encoding="UTF-8"?>
<!-- Generated by org.testng.reporters.JUnitReportReporter -->
<testsuite hostname="Prince" failures="0" tests="2" name="cucumber.TestNGTestRunner" time="16.419" errors="0" timestamp="2024-02-10T22:45:15 IST" skipped="0">
  <testcase classname="cucumber.TestNGTestRunner" name="runScenario" time="3.453"/>
  <system-out/>
  <testcase classname="cucumber.TestNGTestRunner" name="runScenario" time="12.966"/>
  <system-out/>
</testsuite> <!-- cucumber.TestNGTestRunner -->
