<?xml version="1.0" encoding="UTF-8"?>
<!-- Generated by org.testng.reporters.JUnitReportReporter -->
<testsuite hostname="Prince" failures="0" tests="3" name="shaifaliwalia.tests.ErrorValidations" time="31.685" errors="0" timestamp="2024-02-10T18:16:43 IST" skipped="0">
  <testcase classname="shaifaliwalia.tests.ErrorValidations" name="loginnegative" time="7.972"/>
  <system-out/>
  <testcase classname="shaifaliwalia.tests.ErrorValidations" name="checkorderlist" time="6.626"/>
  <system-out/>
  <testcase classname="shaifaliwalia.tests.ErrorValidations" name="placeorder1" time="17.087"/>
  <system-out/>
</testsuite> <!-- shaifaliwalia.tests.ErrorValidations -->
