<?xml version="1.0" encoding="UTF-8"?>
<!-- Generated by org.testng.reporters.JUnitReportReporter -->
<testsuite hostname="Prince" failures="0" tests="1" name="shaifaliwalia.tests.CompleteTest" time="0.000" errors="0" timestamp="2024-02-10T18:16:43 IST" skipped="1">
  <testcase classname="shaifaliwalia.tests.CompleteTest" name="placeorder" time="0.000">
    <skipped/>
  </testcase> <!-- placeorder -->
  <system-out/>
</testsuite> <!-- shaifaliwalia.tests.CompleteTest -->
