<?xml version="1.0" encoding="UTF-8"?>
<!-- Generated by org.testng.reporters.JUnitReportReporter -->
<testsuite hostname="Prince" failures="0" tests="2" name="cucumber.TestNGTestRunner" time="16.526" errors="0" timestamp="2024-02-10T22:54:02 IST" skipped="0">
  <testcase classname="cucumber.TestNGTestRunner" name="runScenario" time="3.499"/>
  <testcase classname="cucumber.TestNGTestRunner" name="runScenario" time="13.027"/>
</testsuite> <!-- cucumber.TestNGTestRunner -->
