<?xml version="1.0" encoding="UTF-8"?>
<!-- Generated by org.testng.reporters.JUnitReportReporter -->
<testsuite hostname="Prince" failures="0" tests="3" name="shaifaliwalia.tests.ErrorValidations" time="36.538" errors="0" timestamp="2024-02-10T19:16:07 IST" skipped="0">
  <testcase classname="shaifaliwalia.tests.ErrorValidations" name="placeorder1" time="16.800"/>
  <testcase classname="shaifaliwalia.tests.ErrorValidations" name="loginnegative" time="9.016"/>
  <testcase classname="shaifaliwalia.tests.ErrorValidations" name="checkorderlist" time="10.722"/>
</testsuite> <!-- shaifaliwalia.tests.ErrorValidations -->
